<?xml version="1.0" encoding="UTF-8"?>
<testng-results skipped="0" failed="0" ignored="0" total="1" passed="1">
  <reporter-output>
  </reporter-output>
  <suite name="Surefire suite" duration-ms="37" started-at="2020-11-27T12:57:37Z" finished-at="2020-11-27T12:57:37Z">
    <groups>
    </groups>
    <test name="Surefire test" duration-ms="37" started-at="2020-11-27T12:57:37Z" finished-at="2020-11-27T12:57:37Z">
      <class name="FADRdemo.demo001.AppTest">
        <test-method status="PASS" signature="shouldAnswerWithTrue()" name="shouldAnswerWithTrue" duration-ms="5" started-at="2020-11-27T18:27:37Z" finished-at="2020-11-27T18:27:37Z">
          <reporter-output>
          </reporter-output>
        </test-method> <!-- shouldAnswerWithTrue -->
      </class> <!-- FADRdemo.demo001.AppTest -->
    </test> <!-- Surefire test -->
  </suite> <!-- Surefire suite -->
</testng-results>
